# JRE version: OpenJDK Runtime Environment Temurin-21.0.9+10 (21.0.9+10) (build 21.0.9+10-LTS)
# Java VM: OpenJDK 64-Bit Server VM Temurin-21.0.9+10 (21.0.9+10-LTS, mixed mode, sharing, tiered, compressed oops, compressed class ptrs, parallel gc, windows-amd64)
GC Precious Log:
 CardTable entry size: 512
 CPUs: 16 total, 16 available
 Memory: 16309M
 Large Page Support: Disabled
 NUMA Support: Disabled
 Compressed Oops: Enabled (32-bit)
 Alignments: Space 512K, Generation 512K, Heap 2M
 Heap Min Capacity: 100M
 Heap Initial Capacity: 100M
 Heap Max Capacity: 2G
 Pre-touch: Disabled
 Parallel Workers: 13
Heap:
 PSYoungGen      total 18432K, used 1441K [0x00000000d5580000, 0x00000000d6c00000, 0x0000000100000000)
  eden space 15872K, 3% used [0x00000000d5580000,0x00000000d55fdd98,0x00000000d6500000)
  from space 2560K, 36% used [0x00000000d6800000,0x00000000d68ea910,0x00000000d6a80000)
  to   space 1536K, 0% used [0x00000000d6a80000,0x00000000d6a80000,0x00000000d6c00000)
 ParOldGen       total 1070592K, used 1070539K [0x0000000080000000, 0x00000000c1580000, 0x00000000d5580000)
  object space 1070592K, 99% used [0x0000000080000000,0x00000000c1572d08,0x00000000c1580000)
 Metaspace       used 101778K, committed 103360K, reserved 1179648K
  class space    used 10053K, committed 10816K, reserved 1048576K
GC Heap History (20 events):
Event: 6909.153 GC heap before
{Heap before GC invocations=4621 (full 6):
 PSYoungGen      total 20992K, used 18560K [0x00000000d5580000, 0x00000000d6d80000, 0x0000000100000000)
  eden space 17920K, 100% used [0x00000000d5580000,0x00000000d6700000,0x00000000d6700000)
  from space 3072K, 20% used [0x00000000d6700000,0x00000000d67a01f0,0x00000000d6a00000)
  to   space 1536K, 0% used [0x00000000d6c00000,0x00000000d6c00000,0x00000000d6d80000)
 ParOldGen       total 1052672K, used 1052331K [0x0000000080000000, 0x00000000c0400000, 0x00000000d5580000)
  object space 1052672K, 99% used [0x0000000080000000,0x00000000c03aaf00,0x00000000c0400000)
 Metaspace       used 101673K, committed 103232K, reserved 1179648K
  class space    used 10053K, committed 10816K, reserved 1048576K
}
Event: 6909.156 GC heap after
{Heap after GC invocations=4621 (full 6):
 PSYoungGen      total 23040K, used 1275K [0x00000000d5580000, 0x00000000d6d80000, 0x0000000100000000)
  eden space 21504K, 0% used [0x00000000d5580000,0x00000000d5580000,0x00000000d6a80000)
  from space 1536K, 83% used [0x00000000d6c00000,0x00000000d6d3ecb0,0x00000000d6d80000)
  to   space 1536K, 0% used [0x00000000d6a80000,0x00000000d6a80000,0x00000000d6c00000)
 ParOldGen       total 1052672K, used 1052603K [0x0000000080000000, 0x00000000c0400000, 0x00000000d5580000)
  object space 1052672K, 99% used [0x0000000080000000,0x00000000c03eef00,0x00000000c0400000)
 Metaspace       used 101673K, committed 103232K, reserved 1179648K
  class space    used 10053K, committed 10816K, reserved 1048576K
}
Event: 6909.178 GC heap before
{Heap before GC invocations=4622 (full 6):
 PSYoungGen      total 23040K, used 22779K [0x00000000d5580000, 0x00000000d6d80000, 0x0000000100000000)
  eden space 21504K, 100% used [0x00000000d5580000,0x00000000d6a80000,0x00000000d6a80000)
  from space 1536K, 83% used [0x00000000d6c00000,0x00000000d6d3ecb0,0x00000000d6d80000)
  to   space 1536K, 0% used [0x00000000d6a80000,0x00000000d6a80000,0x00000000d6c00000)
 ParOldGen       total 1052672K, used 1052603K [0x0000000080000000, 0x00000000c0400000, 0x00000000d5580000)
  object space 1052672K, 99% used [0x0000000080000000,0x00000000c03eef00,0x00000000c0400000)
 Metaspace       used 101673K, committed 103232K, reserved 1179648K
  class space    used 10053K, committed 10816K, reserved 1048576K
}
Event: 6909.181 GC heap after
{Heap after GC invocations=4622 (full 6):
 PSYoungGen      total 22016K, used 512K [0x00000000d5580000, 0x00000000d6c80000, 0x0000000100000000)
  eden space 21504K, 0% used [0x00000000d5580000,0x00000000d5580000,0x00000000d6a80000)
  from space 512K, 100% used [0x00000000d6a80000,0x00000000d6b00000,0x00000000d6b00000)
  to   space 1024K, 0% used [0x00000000d6b80000,0x00000000d6b80000,0x00000000d6c80000)
 ParOldGen       total 1054208K, used 1053643K [0x0000000080000000, 0x00000000c0580000, 0x00000000d5580000)
  object space 1054208K, 99% used [0x0000000080000000,0x00000000c04f2d68,0x00000000c0580000)
 Metaspace       used 101673K, committed 103232K, reserved 1179648K
  class space    used 10053K, committed 10816K, reserved 1048576K
}
Event: 6909.214 GC heap before
{Heap before GC invocations=4623 (full 6):
 PSYoungGen      total 22016K, used 22016K [0x00000000d5580000, 0x00000000d6c80000, 0x0000000100000000)
  eden space 21504K, 100% used [0x00000000d5580000,0x00000000d6a80000,0x00000000d6a80000)
  from space 512K, 100% used [0x00000000d6a80000,0x00000000d6b00000,0x00000000d6b00000)
  to   space 1024K, 0% used [0x00000000d6b80000,0x00000000d6b80000,0x00000000d6c80000)
 ParOldGen       total 1054208K, used 1053643K [0x0000000080000000, 0x00000000c0580000, 0x00000000d5580000)
  object space 1054208K, 99% used [0x0000000080000000,0x00000000c04f2d68,0x00000000c0580000)
 Metaspace       used 101673K, committed 103232K, reserved 1179648K
  class space    used 10053K, committed 10816K, reserved 1048576K
}
Event: 6909.217 GC heap after
{Heap after GC invocations=4623 (full 6):
 PSYoungGen      total 21504K, used 995K [0x00000000d5580000, 0x00000000d6e80000, 0x0000000100000000)
  eden space 20480K, 0% used [0x00000000d5580000,0x00000000d5580000,0x00000000d6980000)
  from space 1024K, 97% used [0x00000000d6b80000,0x00000000d6c78fc0,0x00000000d6c80000)
  to   space 2048K, 0% used [0x00000000d6980000,0x00000000d6980000,0x00000000d6b80000)
 ParOldGen       total 1054208K, used 1054171K [0x0000000080000000, 0x00000000c0580000, 0x00000000d5580000)
  object space 1054208K, 99% used [0x0000000080000000,0x00000000c0576d68,0x00000000c0580000)
 Metaspace       used 101673K, committed 103232K, reserved 1179648K
  class space    used 10053K, committed 10816K, reserved 1048576K
}
Event: 6909.253 GC heap before
{Heap before GC invocations=4624 (full 6):
 PSYoungGen      total 21504K, used 21475K [0x00000000d5580000, 0x00000000d6e80000, 0x0000000100000000)
  eden space 20480K, 100% used [0x00000000d5580000,0x00000000d6980000,0x00000000d6980000)
  from space 1024K, 97% used [0x00000000d6b80000,0x00000000d6c78fc0,0x00000000d6c80000)
  to   space 2048K, 0% used [0x00000000d6980000,0x00000000d6980000,0x00000000d6b80000)
 ParOldGen       total 1054208K, used 1054171K [0x0000000080000000, 0x00000000c0580000, 0x00000000d5580000)
  object space 1054208K, 99% used [0x0000000080000000,0x00000000c0576d68,0x00000000c0580000)
 Metaspace       used 101673K, committed 103232K, reserved 1179648K
  class space    used 10053K, committed 10816K, reserved 1048576K
}
Event: 6909.256 GC heap after
{Heap after GC invocations=4624 (full 6):
 PSYoungGen      total 21504K, used 649K [0x00000000d5580000, 0x00000000d6c00000, 0x0000000100000000)
  eden space 20480K, 0% used [0x00000000d5580000,0x00000000d5580000,0x00000000d6980000)
  from space 1024K, 63% used [0x00000000d6980000,0x00000000d6a224b0,0x00000000d6a80000)
  to   space 1024K, 0% used [0x00000000d6b00000,0x00000000d6b00000,0x00000000d6c00000)
 ParOldGen       total 1055232K, used 1054803K [0x0000000080000000, 0x00000000c0680000, 0x00000000d5580000)
  object space 1055232K, 99% used [0x0000000080000000,0x00000000c0614d68,0x00000000c0680000)
 Metaspace       used 101673K, committed 103232K, reserved 1179648K
  class space    used 10053K, committed 10816K, reserved 1048576K
}
Event: 6909.285 GC heap before
{Heap before GC invocations=4625 (full 6):
 PSYoungGen      total 21504K, used 21129K [0x00000000d5580000, 0x00000000d6c00000, 0x0000000100000000)
  eden space 20480K, 100% used [0x00000000d5580000,0x00000000d6980000,0x00000000d6980000)
  from space 1024K, 63% used [0x00000000d6980000,0x00000000d6a224b0,0x00000000d6a80000)
  to   space 1024K, 0% used [0x00000000d6b00000,0x00000000d6b00000,0x00000000d6c00000)
 ParOldGen       total 1055232K, used 1054803K [0x0000000080000000, 0x00000000c0680000, 0x00000000d5580000)
  object space 1055232K, 99% used [0x0000000080000000,0x00000000c0614d68,0x00000000c0680000)
 Metaspace       used 101673K, committed 103232K, reserved 1179648K
  class space    used 10053K, committed 10816K, reserved 1048576K
}
Event: 6909.287 GC heap after
{Heap after GC invocations=4625 (full 6):
 PSYoungGen      total 21504K, used 576K [0x00000000d5580000, 0x00000000d6c00000, 0x0000000100000000)
  eden space 20480K, 0% used [0x00000000d5580000,0x00000000d5580000,0x00000000d6980000)
  from space 1024K, 56% used [0x00000000d6b00000,0x00000000d6b90000,0x00000000d6c00000)
  to   space 1024K, 0% used [0x00000000d6980000,0x00000000d6980000,0x00000000d6a80000)
 ParOldGen       total 1055232K, used 1055131K [0x0000000080000000, 0x00000000c0680000, 0x00000000d5580000)
  object space 1055232K, 99% used [0x0000000080000000,0x00000000c0666d68,0x00000000c0680000)
 Metaspace       used 101673K, committed 103232K, reserved 1179648K
  class space    used 10053K, committed 10816K, reserved 1048576K
}
Event: 6910.200 GC heap before
{Heap before GC invocations=4626 (full 6):
 PSYoungGen      total 21504K, used 21056K [0x00000000d5580000, 0x00000000d6c00000, 0x0000000100000000)
  eden space 20480K, 100% used [0x00000000d5580000,0x00000000d6980000,0x00000000d6980000)
  from space 1024K, 56% used [0x00000000d6b00000,0x00000000d6b90000,0x00000000d6c00000)
  to   space 1024K, 0% used [0x00000000d6980000,0x00000000d6980000,0x00000000d6a80000)
 ParOldGen       total 1055232K, used 1055131K [0x0000000080000000, 0x00000000c0680000, 0x00000000d5580000)
  object space 1055232K, 99% used [0x0000000080000000,0x00000000c0666d68,0x00000000c0680000)
 Metaspace       used 101673K, committed 103232K, reserved 1179648K
  class space    used 10053K, committed 10816K, reserved 1048576K
}
Event: 6910.205 GC heap after
{Heap after GC invocations=4626 (full 6):
 PSYoungGen      total 21504K, used 1003K [0x00000000d5580000, 0x00000000d7680000, 0x0000000100000000)
  eden space 20480K, 0% used [0x00000000d5580000,0x00000000d5580000,0x00000000d6980000)
  from space 1024K, 98% used [0x00000000d6980000,0x00000000d6a7ae30,0x00000000d6a80000)
  to   space 6656K, 0% used [0x00000000d7000000,0x00000000d7000000,0x00000000d7680000)
 ParOldGen       total 1059840K, used 1059584K [0x0000000080000000, 0x00000000c0b00000, 0x00000000d5580000)
  object space 1059840K, 99% used [0x0000000080000000,0x00000000c0ac0238,0x00000000c0b00000)
 Metaspace       used 101673K, committed 103232K, reserved 1179648K
  class space    used 10053K, committed 10816K, reserved 1048576K
}
Event: 6910.280 GC heap before
{Heap before GC invocations=4627 (full 6):
 PSYoungGen      total 21504K, used 21442K [0x00000000d5580000, 0x00000000d7680000, 0x0000000100000000)
  eden space 20480K, 99% used [0x00000000d5580000,0x00000000d6975b18,0x00000000d6980000)
  from space 1024K, 98% used [0x00000000d6980000,0x00000000d6a7ae30,0x00000000d6a80000)
  to   space 6656K, 0% used [0x00000000d7000000,0x00000000d7000000,0x00000000d7680000)
 ParOldGen       total 1059840K, used 1059584K [0x0000000080000000, 0x00000000c0b00000, 0x00000000d5580000)
  object space 1059840K, 99% used [0x0000000080000000,0x00000000c0ac0238,0x00000000c0b00000)
 Metaspace       used 101673K, committed 103232K, reserved 1179648K
  class space    used 10053K, committed 10816K, reserved 1048576K
}
Event: 6910.289 GC heap after
{Heap after GC invocations=4627 (full 6):
 PSYoungGen      total 22528K, used 6646K [0x00000000d5580000, 0x00000000d7f80000, 0x0000000100000000)
  eden space 15872K, 0% used [0x00000000d5580000,0x00000000d5580000,0x00000000d6500000)
  from space 6656K, 99% used [0x00000000d7000000,0x00000000d767da50,0x00000000d7680000)
  to   space 11264K, 0% used [0x00000000d6500000,0x00000000d6500000,0x00000000d7000000)
 ParOldGen       total 1062912K, used 1062752K [0x0000000080000000, 0x00000000c0e00000, 0x00000000d5580000)
  object space 1062912K, 99% used [0x0000000080000000,0x00000000c0dd8248,0x00000000c0e00000)
 Metaspace       used 101673K, committed 103232K, reserved 1179648K
  class space    used 10053K, committed 10816K, reserved 1048576K
}
Event: 7049.570 GC heap before
{Heap before GC invocations=4628 (full 6):
 PSYoungGen      total 22528K, used 22518K [0x00000000d5580000, 0x00000000d7f80000, 0x0000000100000000)
  eden space 15872K, 100% used [0x00000000d5580000,0x00000000d6500000,0x00000000d6500000)
  from space 6656K, 99% used [0x00000000d7000000,0x00000000d767da50,0x00000000d7680000)
  to   space 11264K, 0% used [0x00000000d6500000,0x00000000d6500000,0x00000000d7000000)
 ParOldGen       total 1062912K, used 1062752K [0x0000000080000000, 0x00000000c0e00000, 0x00000000d5580000)
  object space 1062912K, 99% used [0x0000000080000000,0x00000000c0dd8248,0x00000000c0e00000)
 Metaspace       used 101722K, committed 103296K, reserved 1179648K
  class space    used 10053K, committed 10816K, reserved 1048576K
}
Event: 7049.578 GC heap after
{Heap after GC invocations=4628 (full 6):
 PSYoungGen      total 18432K, used 2144K [0x00000000d5580000, 0x00000000d7080000, 0x0000000100000000)
  eden space 15872K, 0% used [0x00000000d5580000,0x00000000d5580000,0x00000000d6500000)
  from space 2560K, 83% used [0x00000000d6500000,0x00000000d6718000,0x00000000d6780000)
  to   space 5120K, 0% used [0x00000000d6b80000,0x00000000d6b80000,0x00000000d7080000)
 ParOldGen       total 1068032K, used 1067712K [0x0000000080000000, 0x00000000c1300000, 0x00000000d5580000)
  object space 1068032K, 99% used [0x0000000080000000,0x00000000c12b0248,0x00000000c1300000)
 Metaspace       used 101722K, committed 103296K, reserved 1179648K
  class space    used 10053K, committed 10816K, reserved 1048576K
}
Event: 7118.896 GC heap before
{Heap before GC invocations=4629 (full 6):
 PSYoungGen      total 18432K, used 18016K [0x00000000d5580000, 0x00000000d7080000, 0x0000000100000000)
  eden space 15872K, 100% used [0x00000000d5580000,0x00000000d6500000,0x00000000d6500000)
  from space 2560K, 83% used [0x00000000d6500000,0x00000000d6718000,0x00000000d6780000)
  to   space 5120K, 0% used [0x00000000d6b80000,0x00000000d6b80000,0x00000000d7080000)
 ParOldGen       total 1068032K, used 1067712K [0x0000000080000000, 0x00000000c1300000, 0x00000000d5580000)
  object space 1068032K, 99% used [0x0000000080000000,0x00000000c12b0248,0x00000000c1300000)
 Metaspace       used 101734K, committed 103360K, reserved 1179648K
  class space    used 10053K, committed 10816K, reserved 1048576K
}
Event: 7118.900 GC heap after
{Heap after GC invocations=4629 (full 6):
 PSYoungGen      total 17408K, used 1362K [0x00000000d5580000, 0x00000000d6d00000, 0x0000000100000000)
  eden space 15872K, 0% used [0x00000000d5580000,0x00000000d5580000,0x00000000d6500000)
  from space 1536K, 88% used [0x00000000d6b80000,0x00000000d6cd4820,0x00000000d6d00000)
  to   space 2560K, 0% used [0x00000000d6800000,0x00000000d6800000,0x00000000d6a80000)
 ParOldGen       total 1070080K, used 1069600K [0x0000000080000000, 0x00000000c1500000, 0x00000000d5580000)
  object space 1070080K, 99% used [0x0000000080000000,0x00000000c1488248,0x00000000c1500000)
 Metaspace       used 101734K, committed 103360K, reserved 1179648K
  class space    used 10053K, committed 10816K, reserved 1048576K
}
Event: 7443.741 GC heap before
{Heap before GC invocations=4630 (full 6):
 PSYoungGen      total 17408K, used 17234K [0x00000000d5580000, 0x00000000d6d00000, 0x0000000100000000)
  eden space 15872K, 100% used [0x00000000d5580000,0x00000000d6500000,0x00000000d6500000)
  from space 1536K, 88% used [0x00000000d6b80000,0x00000000d6cd4820,0x00000000d6d00000)
  to   space 2560K, 0% used [0x00000000d6800000,0x00000000d6800000,0x00000000d6a80000)
 ParOldGen       total 1070080K, used 1069600K [0x0000000080000000, 0x00000000c1500000, 0x00000000d5580000)
  object space 1070080K, 99% used [0x0000000080000000,0x00000000c1488248,0x00000000c1500000)
 Metaspace       used 101756K, committed 103360K, reserved 1179648K
  class space    used 10053K, committed 10816K, reserved 1048576K
}
Event: 7443.744 GC heap after
{Heap after GC invocations=4630 (full 6):
 PSYoungGen      total 18432K, used 938K [0x00000000d5580000, 0x00000000d6c00000, 0x0000000100000000)
  eden space 15872K, 0% used [0x00000000d5580000,0x00000000d5580000,0x00000000d6500000)
  from space 2560K, 36% used [0x00000000d6800000,0x00000000d68ea910,0x00000000d6a80000)
  to   space 1536K, 0% used [0x00000000d6a80000,0x00000000d6a80000,0x00000000d6c00000)
 ParOldGen       total 1070592K, used 1070539K [0x0000000080000000, 0x00000000c1580000, 0x00000000d5580000)
  object space 1070592K, 99% used [0x0000000080000000,0x00000000c1572d08,0x00000000c1580000)
 Metaspace       used 101756K, committed 103360K, reserved 1179648K
  class space    used 10053K, committed 10816K, reserved 1048576K
}

